<?xml version="1.0" encoding="UTF-8"?>
<!-- Generated by org.testng.reporters.JUnitReportReporter -->
<testsuite hostname="Yvette" failures="0" tests="1" name="test.LoginTest" time="2.318" errors="0" timestamp="2022-08-17T09:13:20 CDT" skipped="0">
  <testcase classname="test.LoginTest" name="validUserShouldBeAbleToLogin" time="2.318"/>
  <system-out/>
</testsuite> <!-- test.LoginTest -->
